<?xml version="1.0" encoding="UTF-8"?>
<testsuite xmlns:xsi="http://www.w3.org/2001/XMLSchema-instance" xsi:noNamespaceSchemaLocation="https://maven.apache.org/surefire/maven-surefire-plugin/xsd/surefire-test-report-3.0.xsd" version="3.0" name="TestRunner.TestRunner" time="36.87" tests="2" errors="0" skipped="0" failures="0">
  <properties>
[...]
</properties>
  <testcase name="Create users account" classname="Account" time="25.138">
    <system-out><![CDATA[Feature: Account

  @regression
  Scenario: Create users account                                                                     # FeatureFiles/Account.feature:4
    Given User Launches chrome browser                                                               # StepDefinitions.user_Launches_chrome_browser()
[INFO] ------------------>Login Scenario Test Case Execution:<-----------------------
[INFO] *************Opening URL of the application********************
    When User Opens an application as "http://www.automationpractice.pl/index.php?"                  # StepDefinitions.user_Opens_an_application_as(String)
[INFO] *************Clicking on Sign In Link********************
    And User Clicks on Sign In link                                                                  # StepDefinitions.user_Clicks_on_Sign_In_link()
[INFO] ------------------>Account Scenrio Test Case Execution:<-----------------------
[INFO] *************Account Page Title Matched********************
    Then Verify user navigates to the "CREATE AN ACCOUNT" page                                       # StepDefinitions.verify_user_navigates_to_the_page(String)
[INFO] *************Entered Email Address********************
    When User enters an email id as "Test604@gmail.com"                                              # StepDefinitions.user_enters_an_email_id_as(String)
[INFO] *************Clicking on Create Account********************
    And User clicks on Create an Account button                                                      # StepDefinitions.user_clicks_on_Create_an_Account_button()
[INFO] *************Selecting Gender********************
[INFO] *************Entering Firstname********************
[INFO] *************Entering Lastname********************
[INFO] *************Entering Password********************
[INFO] *************Selecting Day********************
[INFO] *************Selecting Month********************
[INFO] *************Selecting Year********************
    And User fills all personal details                                                              # StepDefinitions.user_fills_all_personal_details()
[INFO] *************Clicking on Register********************
    And User clicks on register link                                                                 # StepDefinitions.user_clicks_on_register_link()
[INFO] *************Account Test Case Passed********************
    Then Verify confirmation message for successful registration as "Your account has been created." # StepDefinitions.verify_confirmation_message_for_successful_registration_as(String)
[INFO] *************Closing Browser********************
    And Close the browser                                                                            # StepDefinitions.close_the_browser()
]]></system-out>
    <system-err><![CDATA[Jan 22, 2024 12:34:03 PM cucumber.runtime.filter.TagExpressionOld isOldTagExpression
WARNING: Found tags option '@sanity, @regression'. Support for '@tag1,@tag2' will be removed from the next release of Cucumber-JVM. Please use '@tag or @tag2' instead
Jan 22, 2024 12:34:03 PM cucumber.runtime.java.ObjectFactoryLoader loadSingleObjectFactory
WARNING: Use deprecated reflections to load ObjectFactory.
Starting Microsoft Edge WebDriver 120.0.2210.133 (5a3825c4628d0bef4e9a1ceca8987a524bbd379a) on port 43305
To submit feedback, report a bug, or suggest new features, please visit https://github.com/MicrosoftEdge/EdgeWebDriver

Only local connections are allowed.
Please see https://aka.ms/WebDriverSecurity for suggestions on keeping Microsoft Edge WebDriver safe.

Microsoft Edge WebDriver was started successfully.
Jan 22, 2024 12:34:12 PM org.openqa.selenium.remote.ProtocolHandshake createSession
INFO: Detected dialect: W3C
]]></system-err>
  </testcase>
  <testcase name="Verify successful user login" classname="Login Functionality" time="10.691">
    <system-out><![CDATA[
Feature: Login Functionality

  @sanity
  Scenario: Verify successful user login                                            # FeatureFiles/Login.feature:4
    Given User Launches chrome browser                                              # StepDefinitions.user_Launches_chrome_browser()
[INFO] ------------------>Login Scenario Test Case Execution:<-----------------------
[INFO] *************Opening URL of the application********************
    When User Opens an application as "http://www.automationpractice.pl/index.php?" # StepDefinitions.user_Opens_an_application_as(String)
[INFO] *************Clicking on Sign In Link********************
    And User Clicks on Sign In link                                                 # StepDefinitions.user_Clicks_on_Sign_In_link()
[INFO] *************Entering an Email********************
    And User Enters a valid email address "Test99@gmail.com"                        # StepDefinitions.user_Enters_a_valid_email_address(String)
[INFO] *************Entering Password********************
    And User enters a valid password "Test@123"                                     # StepDefinitions.user_enters_a_valid_password(String)
[INFO] *************CLicking on Submit********************
    And User clicks on Sign In button                                               # StepDefinitions.user_clicks_on_Sign_In_button()
[INFO] *************Login Scenario Test Case Passed********************
    Then Verify profile name should be displayed as "Matin shaikh"                  # StepDefinitions.verify_profile_name_should_be_displayed_as(String)
[INFO] *************Closing Browser********************
    And Close the browser                                                           # StepDefinitions.close_the_browser()
]]></system-out>
    <system-err><![CDATA[Starting Microsoft Edge WebDriver 120.0.2210.133 (5a3825c4628d0bef4e9a1ceca8987a524bbd379a) on port 15389
To submit feedback, report a bug, or suggest new features, please visit https://github.com/MicrosoftEdge/EdgeWebDriver

Only local connections are allowed.
Please see https://aka.ms/WebDriverSecurity for suggestions on keeping Microsoft Edge WebDriver safe.

Microsoft Edge WebDriver was started successfully.
Jan 22, 2024 12:34:30 PM org.openqa.selenium.remote.ProtocolHandshake createSession
INFO: Detected dialect: W3C
]]></system-err>
  </testcase>
</testsuite>